<?xml version="1.0" encoding="UTF-8"?>
<robot generator="Robot 3.2.2 (Python 3.9.0 on win32)" generated="20201230 14:47:03.788" rpa="false">
<suite id="s1" name="TestPractice" source="C:\Users\andre\OneDrive\Desktop\Udemy\RobotFramework\SuiteSiteTeste\tests\TestPractice.robot">
<test id="s1-t1" name="Caso de Teste 01: Pesquisar produtos existente">
<kw name="Abrir navegador" library="Resource" type="setup">
<kw name="Open Browser" library="SeleniumLibrary">
<doc>Opens a new browser instance to the optional ``url``.</doc>
<arguments>
<arg>about:blank</arg>
<arg>${BROWSER}</arg>
</arguments>
<msg timestamp="20201230 14:47:04.011" level="INFO">Opening browser 'firefox' to base url 'about:blank'.</msg>
<msg timestamp="20201230 14:47:04.012" level="INFO">Firefox driver log is always forced to to: C:\Users\andre\OneDrive\Desktop\Udemy\RobotFramework\SuiteSiteTeste\result\geckodriver-1.log</msg>
<status status="PASS" starttime="20201230 14:47:04.011" endtime="20201230 14:47:11.344"></status>
</kw>
<status status="PASS" starttime="20201230 14:47:04.010" endtime="20201230 14:47:11.345"></status>
</kw>
<kw name="Acessar a página home do site" library="Resource">
<kw name="Go To" library="SeleniumLibrary">
<doc>Navigates the current browser window to the provided ``url``.</doc>
<arguments>
<arg>http://automationpractice.com</arg>
</arguments>
<msg timestamp="20201230 14:47:11.355" level="INFO">Opening url 'http://automationpractice.com'</msg>
<status status="PASS" starttime="20201230 14:47:11.354" endtime="20201230 14:47:17.327"></status>
</kw>
<kw name="Title Should Be" library="SeleniumLibrary">
<doc>Verifies that the current page title equals ``title``.</doc>
<arguments>
<arg>My Store</arg>
</arguments>
<msg timestamp="20201230 14:47:17.350" level="INFO">Page title is 'My Store'.</msg>
<status status="PASS" starttime="20201230 14:47:17.327" endtime="20201230 14:47:17.350"></status>
</kw>
<status status="PASS" starttime="20201230 14:47:11.354" endtime="20201230 14:47:17.351"></status>
</kw>
<kw name="Digitar o nome do produto &quot;Blouse&quot; no campo de Pesquisa" library="Resource">
<kw name="Input Text" library="SeleniumLibrary">
<doc>Types the given ``text`` into the text field identified by ``locator``.</doc>
<arguments>
<arg>name=search_query</arg>
<arg>${PRODUTO}</arg>
</arguments>
<msg timestamp="20201230 14:47:17.360" level="INFO">Typing text 'Blouse' into text field 'name=search_query'.</msg>
<status status="PASS" starttime="20201230 14:47:17.360" endtime="20201230 14:47:17.466"></status>
</kw>
<status status="PASS" starttime="20201230 14:47:17.359" endtime="20201230 14:47:17.466"></status>
</kw>
<kw name="Clicar no botão de pesquisa" library="Resource">
<kw name="Click Element" library="SeleniumLibrary">
<doc>Click the element identified by ``locator``.</doc>
<arguments>
<arg>name=submit_search</arg>
</arguments>
<msg timestamp="20201230 14:47:17.470" level="INFO">Clicking element 'name=submit_search'.</msg>
<status status="PASS" starttime="20201230 14:47:17.469" endtime="20201230 14:47:19.254"></status>
</kw>
<status status="PASS" starttime="20201230 14:47:17.468" endtime="20201230 14:47:19.254"></status>
</kw>
<kw name="Conferir se o produto &quot;Blouse&quot; foi listado no site" library="Resource">
<kw name="Wait Until Element Is Visible" library="SeleniumLibrary">
<doc>Waits until the element ``locator`` is visible.</doc>
<arguments>
<arg>css=#center_column &gt; h1</arg>
</arguments>
<status status="PASS" starttime="20201230 14:47:19.255" endtime="20201230 14:47:19.292"></status>
</kw>
<kw name="Title Should Be" library="SeleniumLibrary">
<doc>Verifies that the current page title equals ``title``.</doc>
<arguments>
<arg>Search - My Store</arg>
</arguments>
<msg timestamp="20201230 14:47:19.294" level="INFO">Page title is 'Search - My Store'.</msg>
<status status="PASS" starttime="20201230 14:47:19.292" endtime="20201230 14:47:19.294"></status>
</kw>
<kw name="Page Should Contain Image" library="SeleniumLibrary">
<doc>Verifies image identified by ``locator`` is found from current page.</doc>
<arguments>
<arg>xpath=//*[@id="center_column"]//*[@src='http://automationpractice.com/img/p/7/7-home_default.jpg']</arg>
</arguments>
<msg timestamp="20201230 14:47:19.305" level="INFO">Current page contains image 'xpath=//*[@id="center_column"]//*[@src='http://automationpractice.com/img/p/7/7-home_default.jpg']'.</msg>
<status status="PASS" starttime="20201230 14:47:19.294" endtime="20201230 14:47:19.305"></status>
</kw>
<kw name="Page Should Contain Link" library="SeleniumLibrary">
<doc>Verifies link identified by ``locator`` is found from current page.</doc>
<arguments>
<arg>xpath=//*[@id="center_column"]//a[@class="product-name"][contains(text(), "${PRODUTO}")]</arg>
</arguments>
<msg timestamp="20201230 14:47:19.314" level="INFO">Current page contains link 'xpath=//*[@id="center_column"]//a[@class="product-name"][contains(text(), "Blouse")]'.</msg>
<status status="PASS" starttime="20201230 14:47:19.306" endtime="20201230 14:47:19.314"></status>
</kw>
<status status="PASS" starttime="20201230 14:47:19.255" endtime="20201230 14:47:19.314"></status>
</kw>
<kw name="Fechar navegador" library="Resource" type="teardown">
<kw name="Close Browser" library="SeleniumLibrary">
<doc>Closes the current browser.</doc>
<status status="PASS" starttime="20201230 14:47:19.316" endtime="20201230 14:47:20.292"></status>
</kw>
<status status="PASS" starttime="20201230 14:47:19.315" endtime="20201230 14:47:20.293"></status>
</kw>
<status status="PASS" starttime="20201230 14:47:04.009" endtime="20201230 14:47:20.293" critical="yes"></status>
</test>
<status status="PASS" starttime="20201230 14:47:03.790" endtime="20201230 14:47:20.294"></status>
</suite>
<statistics>
<total>
<stat pass="1" fail="0">Critical Tests</stat>
<stat pass="1" fail="0">All Tests</stat>
</total>
<tag>
</tag>
<suite>
<stat pass="1" fail="0" id="s1" name="TestPractice">TestPractice</stat>
</suite>
</statistics>
<errors>
</errors>
</robot>
